2024-07-18 14:20:17 - 200 - {"status":400,"message":"Invalid init data.","data":{}}
2024-07-18 14:20:18 - 200 - {"status":400,"message":"Invalid init data.","data":{}}
2024-07-18 14:20:18 - 200 - {"status":400,"message":"Invalid init data.","data":{}}
2024-07-18 14:20:18 - 200 - {"status":400,"message":"Invalid init data.","data":{}}
2024-07-18 14:20:18 - 200 - {"status":400,"message":"Invalid init data.","data":{}}
2024-07-18 14:20:19 - 200 - {"status":400,"message":"Invalid init data.","data":{}}
2024-07-18 14:20:19 - 200 - {"status":400,"message":"Invalid init data.","data":{}}
2024-07-18 14:20:19 - 200 - {"status":400,"message":"Invalid init data.","data":{}}
2024-07-18 14:20:20 - 200 - {"status":400,"message":"Invalid init data.","data":{}}
2024-07-18 14:20:20 - 200 - {"status":400,"message":"Invalid init data.","data":{}}
2024-07-18 14:20:20 - 200 - {"status":400,"message":"Invalid init data.","data":{}}
2024-07-18 14:20:21 - 200 - {"status":0,"message":"","data":{"tel_id":"7397805115","id":2950688,"fn":"oxblurrygod","ln":"","access_token":"eyJhbGciOiJIUzI1NiIsInR5cCI6IkpXVCJ9.eyJ0b2tlblVzZXIiOnsidGVsX2lkIjoiNzM5NzgwNTExNSIsImlkIjoyOTUwNjg4LCJmbiI6Im94Ymx1cnJ5Z29kIiwibG4iOiIifSwiaWF0IjoxNzIxMjg3MjM2LCJleHAiOjE3MjM4NzkyMzZ9.pUe05oQbf5LFwRJk2CI3WyM69odKKkE9MArWFexUIjA","photo_url":"","is_kol":0}}
2024-07-18 14:20:21 - 200 - {"status":0,"message":"","data":{"available_balance":4000,"play_passes":6,"timestamp":1721287236,"daily":null}}
2024-07-18 14:20:21 - 200 - {"status":0,"message":"","data":{"round_id":"91e67b2c-af90-4b3c-8289-e0ff51b21166","user_id":2950688,"start_at":1721258436,"last_check_ts":1721258436,"last_check_ymd":20240718,"next_check_ts":1721318400,"check_counter":1,"today_points":200,"today_game":1}}
2024-07-18 14:20:21 - 200 - {"status":0,"message":"","data":{"available_balance":"4200.00","play_passes":7,"timestamp":1721287236,"daily":{"round_id":"91e67b2c-af90-4b3c-8289-e0ff51b21166","user_id":2950688,"start_at":1721258436,"last_check_ts":1721258436,"last_check_ymd":20240718,"next_check_ts":1721318400,"check_counter":1,"today_points":200,"today_game":1}}}
2024-07-18 14:20:22 - 200 - {"status":0,"message":"","data":{"game_id":"53b22103-c7ff-413d-bc63-20f6fb806a07","round_id":"e2d28a9b-4752-4d38-bba1-be233d18567f","user_id":2950688,"start_at":1721287237,"end_at":1721290837,"last_claim":1721287237,"points":0}}
2024-07-18 14:20:22 - 200 - {"status":0,"message":"","data":{"available_balance":4200,"play_passes":7,"timestamp":1721287237,"farming":{"game_id":"53b22103-c7ff-413d-bc63-20f6fb806a07","round_id":"e2d28a9b-4752-4d38-bba1-be233d18567f","user_id":2950688,"start_at":1721287237,"end_at":1721290837,"last_claim":1721287237,"points":0},"daily":{"round_id":"91e67b2c-af90-4b3c-8289-e0ff51b21166","user_id":2950688,"start_at":1721258436,"last_check_ts":1721258436,"last_check_ymd":20240718,"next_check_ts":1721318400,"check_counter":1,"today_points":200,"today_game":1}}}
2024-07-18 14:20:25 - 200 - {"status":0,"message":"","data":{"tel_id":"6897785983","id":2950745,"fn":"Veeran Blazey","ln":"","access_token":"eyJhbGciOiJIUzI1NiIsInR5cCI6IkpXVCJ9.eyJ0b2tlblVzZXIiOnsidGVsX2lkIjoiNjg5Nzc4NTk4MyIsImlkIjoyOTUwNzQ1LCJmbiI6IlZlZXJhbiBCbGF6ZXkiLCJsbiI6IiJ9LCJpYXQiOjE3MjEyODcyNDAsImV4cCI6MTcyMzg3OTI0MH0.YRUvv2TqSggvB3bZGAQSGeXJKpt2drOC4ldylwhKZ9E","photo_url":"","is_kol":0}}
2024-07-18 14:20:25 - 200 - {"status":0,"message":"","data":{"available_balance":4000,"play_passes":6,"timestamp":1721287240,"daily":null}}
2024-07-18 14:20:25 - 200 - {"status":0,"message":"","data":{"round_id":"2138687b-4a43-4cc3-9888-9bec5769c22f","user_id":2950745,"start_at":1721258440,"last_check_ts":1721258440,"last_check_ymd":20240718,"next_check_ts":1721318400,"check_counter":1,"today_points":200,"today_game":1}}
2024-07-18 14:20:26 - 200 - {"status":0,"message":"","data":{"available_balance":"4200.00","play_passes":7,"timestamp":1721287240,"daily":{"round_id":"2138687b-4a43-4cc3-9888-9bec5769c22f","user_id":2950745,"start_at":1721258440,"last_check_ts":1721258440,"last_check_ymd":20240718,"next_check_ts":1721318400,"check_counter":1,"today_points":200,"today_game":1}}}
2024-07-18 14:20:26 - 200 - {"status":0,"message":"","data":{"game_id":"53b22103-c7ff-413d-bc63-20f6fb806a07","round_id":"3bff6c39-2498-4c52-8330-fc31c6321e6d","user_id":2950745,"start_at":1721287240,"end_at":1721290840,"last_claim":1721287240,"points":0}}
2024-07-18 14:20:26 - 200 - {"status":0,"message":"","data":{"available_balance":4200,"play_passes":7,"timestamp":1721287241,"farming":{"game_id":"53b22103-c7ff-413d-bc63-20f6fb806a07","round_id":"3bff6c39-2498-4c52-8330-fc31c6321e6d","user_id":2950745,"start_at":1721287240,"end_at":1721290840,"last_claim":1721287240,"points":0},"daily":{"round_id":"2138687b-4a43-4cc3-9888-9bec5769c22f","user_id":2950745,"start_at":1721258440,"last_check_ts":1721258440,"last_check_ymd":20240718,"next_check_ts":1721318400,"check_counter":1,"today_points":200,"today_game":1}}}
2024-07-18 14:20:29 - 200 - {"status":0,"message":"","data":{"tel_id":"7353561808","id":2950772,"fn":"Morgan Robi","ln":"","access_token":"eyJhbGciOiJIUzI1NiIsInR5cCI6IkpXVCJ9.eyJ0b2tlblVzZXIiOnsidGVsX2lkIjoiNzM1MzU2MTgwOCIsImlkIjoyOTUwNzcyLCJmbiI6Ik1vcmdhbiBSb2JpIiwibG4iOiIifSwiaWF0IjoxNzIxMjg3MjQ0LCJleHAiOjE3MjM4NzkyNDR9.imJW18V56ygZmX81sidIeKwSBYcxEJAbkWymmnyiUCo","photo_url":"","is_kol":0}}
2024-07-18 14:20:29 - 200 - {"status":0,"message":"","data":{"available_balance":4000,"play_passes":6,"timestamp":1721287244,"daily":null}}
2024-07-18 14:20:29 - 200 - {"status":0,"message":"","data":{"round_id":"0775d45c-d2da-4540-8a7d-b1c79234e24b","user_id":2950772,"start_at":1721258444,"last_check_ts":1721258444,"last_check_ymd":20240718,"next_check_ts":1721318400,"check_counter":1,"today_points":200,"today_game":1}}
2024-07-18 14:20:30 - 200 - {"status":0,"message":"","data":{"available_balance":"4200.00","play_passes":7,"timestamp":1721287245,"daily":{"round_id":"0775d45c-d2da-4540-8a7d-b1c79234e24b","user_id":2950772,"start_at":1721258444,"last_check_ts":1721258444,"last_check_ymd":20240718,"next_check_ts":1721318400,"check_counter":1,"today_points":200,"today_game":1}}}
2024-07-18 14:20:30 - 200 - {"status":0,"message":"","data":{"game_id":"53b22103-c7ff-413d-bc63-20f6fb806a07","round_id":"51a7cf4e-7984-4d28-b487-59754d0a4be7","user_id":2950772,"start_at":1721287245,"end_at":1721290845,"last_claim":1721287245,"points":0}}
2024-07-18 14:20:30 - 200 - {"status":0,"message":"","data":{"available_balance":4200,"play_passes":7,"timestamp":1721287245,"farming":{"game_id":"53b22103-c7ff-413d-bc63-20f6fb806a07","round_id":"51a7cf4e-7984-4d28-b487-59754d0a4be7","user_id":2950772,"start_at":1721287245,"end_at":1721290845,"last_claim":1721287245,"points":0},"daily":{"round_id":"0775d45c-d2da-4540-8a7d-b1c79234e24b","user_id":2950772,"start_at":1721258444,"last_check_ts":1721258444,"last_check_ymd":20240718,"next_check_ts":1721318400,"check_counter":1,"today_points":200,"today_game":1}}}
2024-07-18 14:20:33 - 200 - {"status":0,"message":"","data":{"tel_id":"6982401088","id":2950823,"fn":"Samarjit Alisdair","ln":"","access_token":"eyJhbGciOiJIUzI1NiIsInR5cCI6IkpXVCJ9.eyJ0b2tlblVzZXIiOnsidGVsX2lkIjoiNjk4MjQwMTA4OCIsImlkIjoyOTUwODIzLCJmbiI6IlNhbWFyaml0IEFsaXNkYWlyIiwibG4iOiIifSwiaWF0IjoxNzIxMjg3MjQ4LCJleHAiOjE3MjM4NzkyNDh9.5MmwpUNdDmgf8J0lDxH0O_bfT7hARSKOlNnrIWQHzTw","photo_url":"","is_kol":0}}
2024-07-18 14:20:33 - 200 - {"status":0,"message":"","data":{"available_balance":4000,"play_passes":6,"timestamp":1721287248,"daily":null}}
2024-07-18 14:20:34 - 200 - {"status":0,"message":"","data":{"round_id":"27244063-e8a4-4d71-8f11-5e5afedea61a","user_id":2950823,"start_at":1721258449,"last_check_ts":1721258449,"last_check_ymd":20240718,"next_check_ts":1721318400,"check_counter":1,"today_points":200,"today_game":1}}
2024-07-18 14:20:34 - 200 - {"status":0,"message":"","data":{"available_balance":"4200.00","play_passes":7,"timestamp":1721287249,"daily":{"round_id":"27244063-e8a4-4d71-8f11-5e5afedea61a","user_id":2950823,"start_at":1721258449,"last_check_ts":1721258449,"last_check_ymd":20240718,"next_check_ts":1721318400,"check_counter":1,"today_points":200,"today_game":1}}}
2024-07-18 14:20:34 - 200 - {"status":0,"message":"","data":{"game_id":"53b22103-c7ff-413d-bc63-20f6fb806a07","round_id":"498429cd-3478-4366-83ea-527f2649eb42","user_id":2950823,"start_at":1721287249,"end_at":1721290849,"last_claim":1721287249,"points":0}}
2024-07-18 14:20:34 - 200 - {"status":0,"message":"","data":{"available_balance":4200,"play_passes":7,"timestamp":1721287249,"farming":{"game_id":"53b22103-c7ff-413d-bc63-20f6fb806a07","round_id":"498429cd-3478-4366-83ea-527f2649eb42","user_id":2950823,"start_at":1721287249,"end_at":1721290849,"last_claim":1721287249,"points":0},"daily":{"round_id":"27244063-e8a4-4d71-8f11-5e5afedea61a","user_id":2950823,"start_at":1721258449,"last_check_ts":1721258449,"last_check_ymd":20240718,"next_check_ts":1721318400,"check_counter":1,"today_points":200,"today_game":1}}}
2024-07-18 14:20:38 - 200 - {"status":0,"message":"","data":{"tel_id":"6869200987","id":2950866,"fn":"Torin Oluwadamilare","ln":"","access_token":"eyJhbGciOiJIUzI1NiIsInR5cCI6IkpXVCJ9.eyJ0b2tlblVzZXIiOnsidGVsX2lkIjoiNjg2OTIwMDk4NyIsImlkIjoyOTUwODY2LCJmbiI6IlRvcmluIE9sdXdhZGFtaWxhcmUiLCJsbiI6IiJ9LCJpYXQiOjE3MjEyODcyNTIsImV4cCI6MTcyMzg3OTI1Mn0.xaWJL8BKVCSIIcgwbw7U9tzaLCJTX-brirdHpyJSNSg","photo_url":"","is_kol":0}}
2024-07-18 14:20:38 - 200 - {"status":0,"message":"","data":{"available_balance":4000,"play_passes":6,"timestamp":1721287253,"daily":null}}
2024-07-18 14:20:38 - 200 - {"status":0,"message":"","data":{"round_id":"30c61f34-4207-4af5-9757-4a16f20602af","user_id":2950866,"start_at":1721258453,"last_check_ts":1721258453,"last_check_ymd":20240718,"next_check_ts":1721318400,"check_counter":1,"today_points":200,"today_game":1}}
2024-07-18 14:20:38 - 200 - {"status":0,"message":"","data":{"available_balance":"4200.00","play_passes":7,"timestamp":1721287253,"daily":{"round_id":"30c61f34-4207-4af5-9757-4a16f20602af","user_id":2950866,"start_at":1721258453,"last_check_ts":1721258453,"last_check_ymd":20240718,"next_check_ts":1721318400,"check_counter":1,"today_points":200,"today_game":1}}}
2024-07-18 14:20:38 - 200 - {"status":0,"message":"","data":{"game_id":"53b22103-c7ff-413d-bc63-20f6fb806a07","round_id":"397dfc71-f587-443f-8118-6982b335da2a","user_id":2950866,"start_at":1721287253,"end_at":1721290853,"last_claim":1721287253,"points":0}}
2024-07-18 14:20:38 - 200 - {"status":0,"message":"","data":{"available_balance":4200,"play_passes":7,"timestamp":1721287253,"farming":{"game_id":"53b22103-c7ff-413d-bc63-20f6fb806a07","round_id":"397dfc71-f587-443f-8118-6982b335da2a","user_id":2950866,"start_at":1721287253,"end_at":1721290853,"last_claim":1721287253,"points":0},"daily":{"round_id":"30c61f34-4207-4af5-9757-4a16f20602af","user_id":2950866,"start_at":1721258453,"last_check_ts":1721258453,"last_check_ymd":20240718,"next_check_ts":1721318400,"check_counter":1,"today_points":200,"today_game":1}}}
2024-07-18 14:22:12 - 200 - {"status":400,"message":"Invalid init data.","data":{}}
2024-07-18 14:22:13 - 200 - {"status":400,"message":"Invalid init data.","data":{}}
2024-07-18 14:22:13 - 200 - {"status":400,"message":"Invalid init data.","data":{}}
2024-07-18 14:22:13 - 200 - {"status":400,"message":"Invalid init data.","data":{}}
2024-07-18 14:22:13 - 200 - {"status":400,"message":"Invalid init data.","data":{}}
2024-07-18 14:22:13 - 200 - {"status":400,"message":"Invalid init data.","data":{}}
2024-07-18 14:22:13 - 200 - {"status":400,"message":"Invalid init data.","data":{}}
2024-07-18 14:22:14 - 200 - {"status":400,"message":"Invalid init data.","data":{}}
2024-07-18 14:22:14 - 200 - {"status":400,"message":"Invalid init data.","data":{}}
2024-07-18 14:22:14 - 200 - {"status":400,"message":"Invalid init data.","data":{}}
2024-07-18 14:22:14 - 200 - {"status":400,"message":"Invalid init data.","data":{}}
2024-07-18 14:22:15 - 200 - {"status":0,"message":"","data":{"available_balance":4200,"play_passes":7,"timestamp":1721287350,"farming":{"game_id":"53b22103-c7ff-413d-bc63-20f6fb806a07","round_id":"e2d28a9b-4752-4d38-bba1-be233d18567f","user_id":2950688,"start_at":1721287237,"end_at":1721290837,"last_claim":1721287237,"points":0},"daily":{"round_id":"91e67b2c-af90-4b3c-8289-e0ff51b21166","user_id":2950688,"start_at":1721258436,"last_check_ts":1721258436,"last_check_ymd":20240718,"next_check_ts":1721318400,"check_counter":1,"today_points":200,"today_game":1}}}
2024-07-18 14:22:18 - 200 - {"status":0,"message":"","data":{"available_balance":4200,"play_passes":7,"timestamp":1721287353,"farming":{"game_id":"53b22103-c7ff-413d-bc63-20f6fb806a07","round_id":"3bff6c39-2498-4c52-8330-fc31c6321e6d","user_id":2950745,"start_at":1721287240,"end_at":1721290840,"last_claim":1721287240,"points":0},"daily":{"round_id":"2138687b-4a43-4cc3-9888-9bec5769c22f","user_id":2950745,"start_at":1721258440,"last_check_ts":1721258440,"last_check_ymd":20240718,"next_check_ts":1721318400,"check_counter":1,"today_points":200,"today_game":1}}}
2024-07-18 14:22:34 - 200 - {"status":400,"message":"Invalid init data.","data":{}}
2024-07-18 14:22:34 - 200 - {"status":400,"message":"Invalid init data.","data":{}}
2024-07-18 14:22:34 - 200 - {"status":400,"message":"Invalid init data.","data":{}}
2024-07-18 14:22:34 - 200 - {"status":400,"message":"Invalid init data.","data":{}}
2024-07-18 14:22:34 - 200 - {"status":400,"message":"Invalid init data.","data":{}}
2024-07-18 14:22:35 - 200 - {"status":400,"message":"Invalid init data.","data":{}}
2024-07-18 14:22:35 - 200 - {"status":400,"message":"Invalid init data.","data":{}}
2024-07-18 14:22:35 - 200 - {"status":400,"message":"Invalid init data.","data":{}}
2024-07-18 14:22:35 - 200 - {"status":400,"message":"Invalid init data.","data":{}}
2024-07-18 14:22:35 - 200 - {"status":400,"message":"Invalid init data.","data":{}}
2024-07-18 14:22:36 - 200 - {"status":400,"message":"Invalid init data.","data":{}}
2024-07-18 14:22:36 - 200 - {"status":0,"message":"","data":{"available_balance":4200,"play_passes":7,"timestamp":1721287371,"farming":{"game_id":"53b22103-c7ff-413d-bc63-20f6fb806a07","round_id":"e2d28a9b-4752-4d38-bba1-be233d18567f","user_id":2950688,"start_at":1721287237,"end_at":1721290837,"last_claim":1721287237,"points":0},"daily":{"round_id":"91e67b2c-af90-4b3c-8289-e0ff51b21166","user_id":2950688,"start_at":1721258436,"last_check_ts":1721258436,"last_check_ymd":20240718,"next_check_ts":1721318400,"check_counter":1,"today_points":200,"today_game":1}}}
2024-07-18 14:22:39 - 200 - {"status":0,"message":"","data":{"available_balance":4200,"play_passes":7,"timestamp":1721287374,"farming":{"game_id":"53b22103-c7ff-413d-bc63-20f6fb806a07","round_id":"3bff6c39-2498-4c52-8330-fc31c6321e6d","user_id":2950745,"start_at":1721287240,"end_at":1721290840,"last_claim":1721287240,"points":0},"daily":{"round_id":"2138687b-4a43-4cc3-9888-9bec5769c22f","user_id":2950745,"start_at":1721258440,"last_check_ts":1721258440,"last_check_ymd":20240718,"next_check_ts":1721318400,"check_counter":1,"today_points":200,"today_game":1}}}
2024-07-18 14:22:53 - 200 - {"status":0,"message":"","data":{"tel_id":"1089132070","id":488724,"fn":"bimo","ln":"","access_token":"eyJhbGciOiJIUzI1NiIsInR5cCI6IkpXVCJ9.eyJ0b2tlblVzZXIiOnsidGVsX2lkIjoiMTA4OTEzMjA3MCIsImlkIjo0ODg3MjQsImZuIjoiYmltbyIsImxuIjoiIn0sImlhdCI6MTcyMTI4NzM4OCwiZXhwIjoxNzIzODc5Mzg4fQ.l8G-4d-O5H9oVwf3rvu3Au5JATdHnhoQt2-Kv2lRW0I","photo_url":"","is_kol":0}}
2024-07-18 14:22:53 - 200 - {"status":0,"message":"","data":{"available_balance":"384971.70","play_passes":12,"timestamp":1721287388,"farming":{"game_id":"53b22103-c7ff-413d-bc63-20f6fb806a07","round_id":"0bc754c1-61d3-47ec-b317-4515f6528b73","user_id":488724,"start_at":1721282818,"end_at":1721286418,"last_claim":1721282818,"points":0},"daily":{"round_id":"98af6628-73d2-4cd5-aeb2-28db9c02e214","user_id":488724,"start_at":1721060348,"last_check_ts":1721232257,"last_check_ymd":20240718,"next_check_ts":1721318400,"check_counter":3,"today_points":4000,"today_game":3,"diff":1}}}
2024-07-18 14:22:53 - 200 - {"status":0,"message":"","data":{"game_id":"53b22103-c7ff-413d-bc63-20f6fb806a07","round_id":"0bc754c1-61d3-47ec-b317-4515f6528b73","user_id":488724,"start_at":1721282818,"end_at":1721286418,"last_claim":1721287388,"points":"360.00","finished":true,"claim_this_time":"360.00"}}
2024-07-18 14:22:53 - 200 - {"status":0,"message":"","data":{"available_balance":"385331.70","play_passes":12,"timestamp":1721287388,"daily":{"round_id":"98af6628-73d2-4cd5-aeb2-28db9c02e214","user_id":488724,"start_at":1721060348,"last_check_ts":1721232257,"last_check_ymd":20240718,"next_check_ts":1721318400,"check_counter":3,"today_points":4000,"today_game":3,"diff":1}}}
2024-07-18 14:22:53 - 200 - {"status":0,"message":"","data":{"game_id":"53b22103-c7ff-413d-bc63-20f6fb806a07","round_id":"f7592fe0-413e-4c75-a44f-447feba5a7a4","user_id":488724,"start_at":1721287388,"end_at":1721290988,"last_claim":1721287388,"points":0}}
2024-07-18 14:22:54 - 200 - {"status":0,"message":"","data":{"available_balance":385331.7,"play_passes":12,"timestamp":1721287388,"farming":{"game_id":"53b22103-c7ff-413d-bc63-20f6fb806a07","round_id":"f7592fe0-413e-4c75-a44f-447feba5a7a4","user_id":488724,"start_at":1721287388,"end_at":1721290988,"last_claim":1721287388,"points":0},"daily":{"round_id":"98af6628-73d2-4cd5-aeb2-28db9c02e214","user_id":488724,"start_at":1721060348,"last_check_ts":1721232257,"last_check_ymd":20240718,"next_check_ts":1721318400,"check_counter":3,"today_points":4000,"today_game":3,"diff":1}}}
2024-07-18 14:23:13 - 200 - {"status":0,"message":"","data":{"available_balance":385331.7,"play_passes":12,"timestamp":1721287408,"farming":{"game_id":"53b22103-c7ff-413d-bc63-20f6fb806a07","round_id":"f7592fe0-413e-4c75-a44f-447feba5a7a4","user_id":488724,"start_at":1721287388,"end_at":1721290988,"last_claim":1721287388,"points":0},"daily":{"round_id":"98af6628-73d2-4cd5-aeb2-28db9c02e214","user_id":488724,"start_at":1721060348,"last_check_ts":1721232257,"last_check_ymd":20240718,"next_check_ts":1721318400,"check_counter":3,"today_points":4000,"today_game":3,"diff":1}}}
2024-07-18 14:23:16 - 200 - {"status":0,"message":"","data":{"available_balance":4200,"play_passes":7,"timestamp":1721287411,"farming":{"game_id":"53b22103-c7ff-413d-bc63-20f6fb806a07","round_id":"e2d28a9b-4752-4d38-bba1-be233d18567f","user_id":2950688,"start_at":1721287237,"end_at":1721290837,"last_claim":1721287237,"points":0},"daily":{"round_id":"91e67b2c-af90-4b3c-8289-e0ff51b21166","user_id":2950688,"start_at":1721258436,"last_check_ts":1721258436,"last_check_ymd":20240718,"next_check_ts":1721318400,"check_counter":1,"today_points":200,"today_game":1}}}
2024-07-18 14:23:20 - 200 - {"status":0,"message":"","data":{"available_balance":4200,"play_passes":7,"timestamp":1721287415,"farming":{"game_id":"53b22103-c7ff-413d-bc63-20f6fb806a07","round_id":"3bff6c39-2498-4c52-8330-fc31c6321e6d","user_id":2950745,"start_at":1721287240,"end_at":1721290840,"last_claim":1721287240,"points":0},"daily":{"round_id":"2138687b-4a43-4cc3-9888-9bec5769c22f","user_id":2950745,"start_at":1721258440,"last_check_ts":1721258440,"last_check_ymd":20240718,"next_check_ts":1721318400,"check_counter":1,"today_points":200,"today_game":1}}}
2024-07-20 02:03:57 - 200 - {"status":0,"message":"","data":{"available_balance":"505144.20","play_passes":10,"timestamp":1721415837,"farming":{"game_id":"53b22103-c7ff-413d-bc63-20f6fb806a07","round_id":"2d0cc17a-cdaf-4cb6-9ab9-26f5cf96367e","user_id":488724,"start_at":1721412978,"end_at":1721416578,"last_claim":1721412978,"points":0},"daily":{"round_id":"98af6628-73d2-4cd5-aeb2-28db9c02e214","user_id":488724,"start_at":1721060348,"last_check_ts":1721320678,"last_check_ymd":20240719,"next_check_ts":1721404800,"check_counter":4,"today_points":3000,"today_game":4,"diff":1}}}
2024-07-20 02:03:57 - 200 - {"status":400,"message":"already_check","data":{"round_id":"98af6628-73d2-4cd5-aeb2-28db9c02e214","user_id":488724,"start_at":1721060348,"last_check_ts":1721320678,"last_check_ymd":20240719,"next_check_ts":1721404800,"check_counter":4,"today_points":3000,"today_game":4,"diff":1}}
2024-07-20 02:04:00 - 200 - {"status":0,"message":"","data":{"tel_id":"6933715722","id":2316044,"fn":"oxshinigami","ln":"","access_token":"eyJhbGciOiJIUzI1NiIsInR5cCI6IkpXVCJ9.eyJ0b2tlblVzZXIiOnsidGVsX2lkIjoiNjkzMzcxNTcyMiIsImlkIjoyMzE2MDQ0LCJmbiI6Im94c2hpbmlnYW1pIiwibG4iOiIifSwiaWF0IjoxNzIxNDE1ODQwLCJleHAiOjE3MjQwMDc4NDB9.N6ZoYML0UemKhEiibv1bS8F8Qn2ZIIpaiFm3QXUMh4w","photo_url":"","is_kol":0}}
2024-07-20 02:04:00 - 200 - {"status":0,"message":"","data":{"available_balance":19956,"play_passes":0,"timestamp":1721415841,"farming":{"game_id":"53b22103-c7ff-413d-bc63-20f6fb806a07","round_id":"1a8a6f13-4731-4b94-83e0-bb0207f0eece","user_id":2316044,"start_at":1721411106,"end_at":1721414706,"last_claim":1721411106,"points":0},"daily":{"round_id":"6c9614e8-d048-445a-9e33-674e9f44ee5d","user_id":2316044,"start_at":1721261783,"last_check_ts":1721322736,"last_check_ymd":20240719,"next_check_ts":1721404800,"check_counter":2,"today_points":500,"today_game":2,"diff":1}}}
2024-07-20 02:04:00 - 200 - {"status":400,"message":"already_check","data":{"round_id":"6c9614e8-d048-445a-9e33-674e9f44ee5d","user_id":2316044,"start_at":1721261783,"last_check_ts":1721322736,"last_check_ymd":20240719,"next_check_ts":1721404800,"check_counter":2,"today_points":500,"today_game":2,"diff":1}}
2024-07-20 02:04:00 - 200 - {"status":0,"message":"","data":{"game_id":"53b22103-c7ff-413d-bc63-20f6fb806a07","round_id":"1a8a6f13-4731-4b94-83e0-bb0207f0eece","user_id":2316044,"start_at":1721411106,"end_at":1721414706,"last_claim":1721415841,"points":"360.00","finished":true,"claim_this_time":"360.00"}}
2024-07-20 02:04:01 - 200 - {"status":0,"message":"","data":{"available_balance":"20316.00","play_passes":0,"timestamp":1721415841,"daily":{"round_id":"6c9614e8-d048-445a-9e33-674e9f44ee5d","user_id":2316044,"start_at":1721261783,"last_check_ts":1721322736,"last_check_ymd":20240719,"next_check_ts":1721404800,"check_counter":2,"today_points":500,"today_game":2,"diff":1}}}
2024-07-20 02:04:01 - 200 - {"code":400,"message":"claim throttle","data":"ok"}
2024-07-20 02:04:01 - 200 - {"status":0,"message":"","data":{"game_id":"53b22103-c7ff-413d-bc63-20f6fb806a07","round_id":"bf226131-6761-49a7-ac70-3f1281e2b956","user_id":2316044,"start_at":1721415841,"end_at":1721419441,"last_claim":1721415841,"points":0}}
2024-07-20 02:04:01 - 200 - {"status":0,"message":"","data":{"available_balance":20316,"play_passes":0,"timestamp":1721415841,"farming":{"game_id":"53b22103-c7ff-413d-bc63-20f6fb806a07","round_id":"bf226131-6761-49a7-ac70-3f1281e2b956","user_id":2316044,"start_at":1721415841,"end_at":1721419441,"last_claim":1721415841,"points":0},"daily":{"round_id":"6c9614e8-d048-445a-9e33-674e9f44ee5d","user_id":2316044,"start_at":1721261783,"last_check_ts":1721322736,"last_check_ymd":20240719,"next_check_ts":1721404800,"check_counter":2,"today_points":500,"today_game":2,"diff":1}}}
2024-07-20 02:04:01 - 200 - {"code":400,"message":"claim throttle","data":"ok"}
2024-07-20 02:04:04 - 200 - {"status":0,"message":"","data":{"tel_id":"7439603613","id":2316474,"fn":"oxmekonbut","ln":"","access_token":"eyJhbGciOiJIUzI1NiIsInR5cCI6IkpXVCJ9.eyJ0b2tlblVzZXIiOnsidGVsX2lkIjoiNzQzOTYwMzYxMyIsImlkIjoyMzE2NDc0LCJmbiI6Im94bWVrb25idXQiLCJsbiI6IiJ9LCJpYXQiOjE3MjE0MTU4NDUsImV4cCI6MTcyNDAwNzg0NX0.2Us26oNBhaiTx5LL_NBP7jqLGLOkYXpMg5ko5Lo94-I","photo_url":"","is_kol":0}}
2024-07-20 02:04:04 - 200 - {"status":0,"message":"","data":{"available_balance":135867,"play_passes":0,"timestamp":1721415845,"farming":{"game_id":"53b22103-c7ff-413d-bc63-20f6fb806a07","round_id":"93659132-f253-4926-95c9-79946d13b568","user_id":2316474,"start_at":1721411113,"end_at":1721414713,"last_claim":1721411113,"points":0},"daily":{"round_id":"3047356e-91c2-4aff-a175-46bc1d31f797","user_id":2316474,"start_at":1720853664,"last_check_ts":1721322896,"last_check_ymd":20240719,"next_check_ts":1721404800,"check_counter":7,"today_points":20000,"today_game":7,"diff":1}}}
2024-07-20 02:04:05 - 200 - {"status":400,"message":"already_check","data":{"round_id":"3047356e-91c2-4aff-a175-46bc1d31f797","user_id":2316474,"start_at":1720853664,"last_check_ts":1721322896,"last_check_ymd":20240719,"next_check_ts":1721404800,"check_counter":7,"today_points":20000,"today_game":7,"diff":1}}
2024-07-20 02:04:05 - 200 - {"status":0,"message":"","data":{"game_id":"53b22103-c7ff-413d-bc63-20f6fb806a07","round_id":"93659132-f253-4926-95c9-79946d13b568","user_id":2316474,"start_at":1721411113,"end_at":1721414713,"last_claim":1721415845,"points":"360.00","finished":true,"claim_this_time":"360.00"}}
2024-07-20 02:04:05 - 200 - {"status":0,"message":"","data":{"available_balance":"136227.00","play_passes":0,"timestamp":1721415845,"daily":{"round_id":"3047356e-91c2-4aff-a175-46bc1d31f797","user_id":2316474,"start_at":1720853664,"last_check_ts":1721322896,"last_check_ymd":20240719,"next_check_ts":1721404800,"check_counter":7,"today_points":20000,"today_game":7,"diff":1}}}
2024-07-20 02:04:05 - 200 - {"code":400,"message":"claim throttle","data":"ok"}
2024-07-20 02:04:05 - 200 - {"status":0,"message":"","data":{"game_id":"53b22103-c7ff-413d-bc63-20f6fb806a07","round_id":"1bf30205-584c-49da-972d-0dd588f4f287","user_id":2316474,"start_at":1721415845,"end_at":1721419445,"last_claim":1721415845,"points":0}}
2024-07-20 02:04:05 - 200 - {"status":0,"message":"","data":{"available_balance":136227,"play_passes":0,"timestamp":1721415846,"farming":{"game_id":"53b22103-c7ff-413d-bc63-20f6fb806a07","round_id":"1bf30205-584c-49da-972d-0dd588f4f287","user_id":2316474,"start_at":1721415845,"end_at":1721419445,"last_claim":1721415845,"points":0},"daily":{"round_id":"3047356e-91c2-4aff-a175-46bc1d31f797","user_id":2316474,"start_at":1720853664,"last_check_ts":1721322896,"last_check_ymd":20240719,"next_check_ts":1721404800,"check_counter":7,"today_points":20000,"today_game":7,"diff":1}}}
2024-07-20 02:04:05 - 200 - {"code":400,"message":"claim throttle","data":"ok"}
2024-07-20 02:04:09 - 200 - {"status":0,"message":"","data":{"tel_id":"7307253104","id":2317057,"fn":"oxinvoker","ln":"","access_token":"eyJhbGciOiJIUzI1NiIsInR5cCI6IkpXVCJ9.eyJ0b2tlblVzZXIiOnsidGVsX2lkIjoiNzMwNzI1MzEwNCIsImlkIjoyMzE3MDU3LCJmbiI6Im94aW52b2tlciIsImxuIjoiIn0sImlhdCI6MTcyMTQxNTg0OSwiZXhwIjoxNzI0MDA3ODQ5fQ.dKoC2QDDFjoQu1VvN5xhKWEZVVfzzIcdWpdq5k5BcKQ","photo_url":"","is_kol":0}}
2024-07-20 02:04:09 - 200 - {"status":0,"message":"","data":{"available_balance":137505,"play_passes":0,"timestamp":1721415849,"farming":{"game_id":"53b22103-c7ff-413d-bc63-20f6fb806a07","round_id":"c3c7e4b1-3aef-480f-97fa-2b56c3cdeb36","user_id":2317057,"start_at":1721411120,"end_at":1721414720,"last_claim":1721411120,"points":0},"daily":{"round_id":"5436071a-6751-4405-8356-7fbc5e39951f","user_id":2317057,"start_at":1720853892,"last_check_ts":1721323055,"last_check_ymd":20240719,"next_check_ts":1721404800,"check_counter":7,"today_points":20000,"today_game":7,"diff":1}}}
2024-07-20 02:04:09 - 200 - {"status":400,"message":"already_check","data":{"round_id":"5436071a-6751-4405-8356-7fbc5e39951f","user_id":2317057,"start_at":1720853892,"last_check_ts":1721323055,"last_check_ymd":20240719,"next_check_ts":1721404800,"check_counter":7,"today_points":20000,"today_game":7,"diff":1}}
2024-07-20 02:04:09 - 200 - {"status":0,"message":"","data":{"game_id":"53b22103-c7ff-413d-bc63-20f6fb806a07","round_id":"c3c7e4b1-3aef-480f-97fa-2b56c3cdeb36","user_id":2317057,"start_at":1721411120,"end_at":1721414720,"last_claim":1721415849,"points":"360.00","finished":true,"claim_this_time":"360.00"}}
2024-07-20 02:04:09 - 200 - {"status":0,"message":"","data":{"available_balance":"137865.00","play_passes":0,"timestamp":1721415849,"daily":{"round_id":"5436071a-6751-4405-8356-7fbc5e39951f","user_id":2317057,"start_at":1720853892,"last_check_ts":1721323055,"last_check_ymd":20240719,"next_check_ts":1721404800,"check_counter":7,"today_points":20000,"today_game":7,"diff":1}}}
2024-07-20 02:04:09 - 200 - {"code":400,"message":"claim throttle","data":"ok"}
2024-07-20 02:04:09 - 200 - {"status":0,"message":"","data":{"game_id":"53b22103-c7ff-413d-bc63-20f6fb806a07","round_id":"6c35adae-de57-42c0-91ce-417fec0d3bdf","user_id":2317057,"start_at":1721415850,"end_at":1721419450,"last_claim":1721415850,"points":0}}
2024-07-20 02:04:10 - 200 - {"status":0,"message":"","data":{"available_balance":137865,"play_passes":0,"timestamp":1721415850,"farming":{"game_id":"53b22103-c7ff-413d-bc63-20f6fb806a07","round_id":"6c35adae-de57-42c0-91ce-417fec0d3bdf","user_id":2317057,"start_at":1721415850,"end_at":1721419450,"last_claim":1721415850,"points":0},"daily":{"round_id":"5436071a-6751-4405-8356-7fbc5e39951f","user_id":2317057,"start_at":1720853892,"last_check_ts":1721323055,"last_check_ymd":20240719,"next_check_ts":1721404800,"check_counter":7,"today_points":20000,"today_game":7,"diff":1}}}
2024-07-20 02:04:10 - 200 - {"code":400,"message":"claim throttle","data":"ok"}
2024-07-20 02:04:13 - 200 - {"status":0,"message":"","data":{"tel_id":"7445806083","id":523830,"fn":"Oxblurry","ln":"","access_token":"eyJhbGciOiJIUzI1NiIsInR5cCI6IkpXVCJ9.eyJ0b2tlblVzZXIiOnsidGVsX2lkIjoiNzQ0NTgwNjA4MyIsImlkIjo1MjM4MzAsImZuIjoiT3hibHVycnkiLCJsbiI6IiJ9LCJpYXQiOjE3MjE0MTU4NTMsImV4cCI6MTcyNDAwNzg1M30.Rra2D7L2klE5LIViHoY2P3V_iYZS_xK75wF8bkPrzlc","photo_url":"","is_kol":0}}
2024-07-20 02:04:13 - 200 - {"status":0,"message":"","data":{"available_balance":193881,"play_passes":0,"timestamp":1721415853,"farming":{"game_id":"53b22103-c7ff-413d-bc63-20f6fb806a07","round_id":"27a2d7bd-2058-442f-abf8-d6b3efded08e","user_id":523830,"start_at":1721411127,"end_at":1721414727,"last_claim":1721411127,"points":0},"daily":{"round_id":"496981f5-137b-4b54-8873-d4675eaade0e","user_id":523830,"start_at":1721060888,"last_check_ts":1721323215,"last_check_ymd":20240719,"next_check_ts":1721404800,"check_counter":4,"today_points":3000,"today_game":4,"diff":1}}}
2024-07-20 02:04:13 - 200 - {"status":400,"message":"already_check","data":{"round_id":"496981f5-137b-4b54-8873-d4675eaade0e","user_id":523830,"start_at":1721060888,"last_check_ts":1721323215,"last_check_ymd":20240719,"next_check_ts":1721404800,"check_counter":4,"today_points":3000,"today_game":4,"diff":1}}
2024-07-20 02:04:13 - 200 - {"status":0,"message":"","data":{"game_id":"53b22103-c7ff-413d-bc63-20f6fb806a07","round_id":"27a2d7bd-2058-442f-abf8-d6b3efded08e","user_id":523830,"start_at":1721411127,"end_at":1721414727,"last_claim":1721415854,"points":"360.00","finished":true,"claim_this_time":"360.00"}}
2024-07-20 02:04:13 - 200 - {"status":0,"message":"","data":{"available_balance":"194241.00","play_passes":0,"timestamp":1721415854,"daily":{"round_id":"496981f5-137b-4b54-8873-d4675eaade0e","user_id":523830,"start_at":1721060888,"last_check_ts":1721323215,"last_check_ymd":20240719,"next_check_ts":1721404800,"check_counter":4,"today_points":3000,"today_game":4,"diff":1}}}
2024-07-20 02:04:14 - 200 - {"code":400,"message":"claim throttle","data":"ok"}
2024-07-20 02:04:14 - 200 - {"status":0,"message":"","data":{"game_id":"53b22103-c7ff-413d-bc63-20f6fb806a07","round_id":"c66ad166-b187-4d14-8e0f-eb9b9de640a5","user_id":523830,"start_at":1721415854,"end_at":1721419454,"last_claim":1721415854,"points":0}}
2024-07-20 02:04:14 - 200 - {"status":0,"message":"","data":{"available_balance":194241,"play_passes":0,"timestamp":1721415854,"farming":{"game_id":"53b22103-c7ff-413d-bc63-20f6fb806a07","round_id":"c66ad166-b187-4d14-8e0f-eb9b9de640a5","user_id":523830,"start_at":1721415854,"end_at":1721419454,"last_claim":1721415854,"points":0},"daily":{"round_id":"496981f5-137b-4b54-8873-d4675eaade0e","user_id":523830,"start_at":1721060888,"last_check_ts":1721323215,"last_check_ymd":20240719,"next_check_ts":1721404800,"check_counter":4,"today_points":3000,"today_game":4,"diff":1}}}
2024-07-20 02:04:14 - 200 - {"code":400,"message":"claim throttle","data":"ok"}
2024-07-20 02:04:17 - 200 - {"status":0,"message":"","data":{"tel_id":"7115799691","id":523978,"fn":"Oxraincember","ln":"","access_token":"eyJhbGciOiJIUzI1NiIsInR5cCI6IkpXVCJ9.eyJ0b2tlblVzZXIiOnsidGVsX2lkIjoiNzExNTc5OTY5MSIsImlkIjo1MjM5NzgsImZuIjoiT3hyYWluY2VtYmVyIiwibG4iOiIifSwiaWF0IjoxNzIxNDE1ODU3LCJleHAiOjE3MjQwMDc4NTd9.84iqqGJLjL-ArNYxDZvFwUgqJMcPQ3uBJ4EMRlogVb4","photo_url":"","is_kol":0}}
2024-07-20 02:04:17 - 200 - {"status":0,"message":"","data":{"available_balance":194419,"play_passes":0,"timestamp":1721415858,"farming":{"game_id":"53b22103-c7ff-413d-bc63-20f6fb806a07","round_id":"834f42ce-d549-41d5-8d16-d2f4491c89c5","user_id":523978,"start_at":1721411134,"end_at":1721414734,"last_claim":1721411134,"points":0},"daily":{"round_id":"61b2e58b-62aa-4968-b2d9-1a25869a183f","user_id":523978,"start_at":1721061049,"last_check_ts":1721323374,"last_check_ymd":20240719,"next_check_ts":1721404800,"check_counter":4,"today_points":3000,"today_game":4,"diff":1}}}
2024-07-20 02:04:17 - 200 - {"status":400,"message":"already_check","data":{"round_id":"61b2e58b-62aa-4968-b2d9-1a25869a183f","user_id":523978,"start_at":1721061049,"last_check_ts":1721323374,"last_check_ymd":20240719,"next_check_ts":1721404800,"check_counter":4,"today_points":3000,"today_game":4,"diff":1}}
2024-07-20 02:04:18 - 200 - {"status":0,"message":"","data":{"game_id":"53b22103-c7ff-413d-bc63-20f6fb806a07","round_id":"834f42ce-d549-41d5-8d16-d2f4491c89c5","user_id":523978,"start_at":1721411134,"end_at":1721414734,"last_claim":1721415858,"points":"360.00","finished":true,"claim_this_time":"360.00"}}
2024-07-20 02:04:18 - 200 - {"status":0,"message":"","data":{"available_balance":"194779.00","play_passes":0,"timestamp":1721415858,"daily":{"round_id":"61b2e58b-62aa-4968-b2d9-1a25869a183f","user_id":523978,"start_at":1721061049,"last_check_ts":1721323374,"last_check_ymd":20240719,"next_check_ts":1721404800,"check_counter":4,"today_points":3000,"today_game":4,"diff":1}}}
2024-07-20 02:04:18 - 200 - {"code":400,"message":"claim throttle","data":"ok"}
2024-07-20 02:04:18 - 200 - {"status":0,"message":"","data":{"game_id":"53b22103-c7ff-413d-bc63-20f6fb806a07","round_id":"be61616f-558a-48ce-bd88-3bdfb3056968","user_id":523978,"start_at":1721415858,"end_at":1721419458,"last_claim":1721415858,"points":0}}
2024-07-20 02:04:18 - 200 - {"status":0,"message":"","data":{"available_balance":194779,"play_passes":0,"timestamp":1721415858,"farming":{"game_id":"53b22103-c7ff-413d-bc63-20f6fb806a07","round_id":"be61616f-558a-48ce-bd88-3bdfb3056968","user_id":523978,"start_at":1721415858,"end_at":1721419458,"last_claim":1721415858,"points":0},"daily":{"round_id":"61b2e58b-62aa-4968-b2d9-1a25869a183f","user_id":523978,"start_at":1721061049,"last_check_ts":1721323374,"last_check_ymd":20240719,"next_check_ts":1721404800,"check_counter":4,"today_points":3000,"today_game":4,"diff":1}}}
2024-07-20 02:04:18 - 200 - {"code":400,"message":"claim throttle","data":"ok"}
2024-07-20 02:04:21 - 200 - {"status":0,"message":"","data":{"tel_id":"7325202460","id":523627,"fn":"Blurryash","ln":"","access_token":"eyJhbGciOiJIUzI1NiIsInR5cCI6IkpXVCJ9.eyJ0b2tlblVzZXIiOnsidGVsX2lkIjoiNzMyNTIwMjQ2MCIsImlkIjo1MjM2MjcsImZuIjoiQmx1cnJ5YXNoIiwibG4iOiIifSwiaWF0IjoxNzIxNDE1ODYyLCJleHAiOjE3MjQwMDc4NjJ9.MJqoTJkc6Spy_FFa6rBxM8HuAzyROKX2deA6C8gA-wc","photo_url":"","is_kol":0}}
2024-07-20 02:04:22 - 200 - {"status":0,"message":"","data":{"available_balance":195171,"play_passes":0,"timestamp":1721415862,"farming":{"game_id":"53b22103-c7ff-413d-bc63-20f6fb806a07","round_id":"4c4a5c3f-c034-4a90-ba29-0d68db43d46b","user_id":523627,"start_at":1721411141,"end_at":1721414741,"last_claim":1721411141,"points":0},"daily":{"round_id":"6d3e1e65-eafc-47d1-926c-513555b0475a","user_id":523627,"start_at":1721060726,"last_check_ts":1721323534,"last_check_ymd":20240719,"next_check_ts":1721404800,"check_counter":4,"today_points":3000,"today_game":4,"diff":1}}}
2024-07-20 02:04:22 - 200 - {"status":400,"message":"already_check","data":{"round_id":"6d3e1e65-eafc-47d1-926c-513555b0475a","user_id":523627,"start_at":1721060726,"last_check_ts":1721323534,"last_check_ymd":20240719,"next_check_ts":1721404800,"check_counter":4,"today_points":3000,"today_game":4,"diff":1}}
2024-07-20 02:04:22 - 200 - {"status":0,"message":"","data":{"game_id":"53b22103-c7ff-413d-bc63-20f6fb806a07","round_id":"4c4a5c3f-c034-4a90-ba29-0d68db43d46b","user_id":523627,"start_at":1721411141,"end_at":1721414741,"last_claim":1721415862,"points":"360.00","finished":true,"claim_this_time":"360.00"}}
2024-07-20 02:04:22 - 200 - {"status":0,"message":"","data":{"available_balance":"195531.00","play_passes":0,"timestamp":1721415862,"daily":{"round_id":"6d3e1e65-eafc-47d1-926c-513555b0475a","user_id":523627,"start_at":1721060726,"last_check_ts":1721323534,"last_check_ymd":20240719,"next_check_ts":1721404800,"check_counter":4,"today_points":3000,"today_game":4,"diff":1}}}
2024-07-20 02:04:22 - 200 - {"code":400,"message":"claim throttle","data":"ok"}
2024-07-20 02:04:22 - 200 - {"status":0,"message":"","data":{"game_id":"53b22103-c7ff-413d-bc63-20f6fb806a07","round_id":"b6aaf70f-74ad-4a9d-84ea-c31d406c4342","user_id":523627,"start_at":1721415863,"end_at":1721419463,"last_claim":1721415863,"points":0}}
2024-07-20 02:04:22 - 200 - {"status":0,"message":"","data":{"available_balance":195531,"play_passes":0,"timestamp":1721415863,"farming":{"game_id":"53b22103-c7ff-413d-bc63-20f6fb806a07","round_id":"b6aaf70f-74ad-4a9d-84ea-c31d406c4342","user_id":523627,"start_at":1721415863,"end_at":1721419463,"last_claim":1721415863,"points":0},"daily":{"round_id":"6d3e1e65-eafc-47d1-926c-513555b0475a","user_id":523627,"start_at":1721060726,"last_check_ts":1721323534,"last_check_ymd":20240719,"next_check_ts":1721404800,"check_counter":4,"today_points":3000,"today_game":4,"diff":1}}}
2024-07-20 02:04:22 - 200 - {"code":400,"message":"claim throttle","data":"ok"}
2024-07-20 02:04:26 - 200 - {"status":0,"message":"","data":{"tel_id":"6905284876","id":523686,"fn":"raincember","ln":"","access_token":"eyJhbGciOiJIUzI1NiIsInR5cCI6IkpXVCJ9.eyJ0b2tlblVzZXIiOnsidGVsX2lkIjoiNjkwNTI4NDg3NiIsImlkIjo1MjM2ODYsImZuIjoicmFpbmNlbWJlciIsImxuIjoiIn0sImlhdCI6MTcyMTQxNTg2NiwiZXhwIjoxNzI0MDA3ODY2fQ.8MxIiD-HxmcrA1OVdh4Gvb4cBCai4srdYLM3VhPmDBc","photo_url":"","is_kol":0}}
2024-07-20 02:04:26 - 200 - {"status":0,"message":"","data":{"available_balance":193931,"play_passes":0,"timestamp":1721415866,"farming":{"game_id":"53b22103-c7ff-413d-bc63-20f6fb806a07","round_id":"96ad946e-e605-4a6b-bf48-6714dd4fabaf","user_id":523686,"start_at":1721411148,"end_at":1721414748,"last_claim":1721411148,"points":0},"daily":{"round_id":"a01d2e97-d316-4a49-9638-ba41922b17ea","user_id":523686,"start_at":1721060568,"last_check_ts":1721318401,"last_check_ymd":20240719,"next_check_ts":1721404800,"check_counter":4,"today_points":3000,"today_game":4,"diff":1}}}
2024-07-20 02:04:26 - 200 - {"status":400,"message":"already_check","data":{"round_id":"a01d2e97-d316-4a49-9638-ba41922b17ea","user_id":523686,"start_at":1721060568,"last_check_ts":1721318401,"last_check_ymd":20240719,"next_check_ts":1721404800,"check_counter":4,"today_points":3000,"today_game":4,"diff":1}}
2024-07-20 02:04:26 - 200 - {"status":0,"message":"","data":{"game_id":"53b22103-c7ff-413d-bc63-20f6fb806a07","round_id":"96ad946e-e605-4a6b-bf48-6714dd4fabaf","user_id":523686,"start_at":1721411148,"end_at":1721414748,"last_claim":1721415866,"points":"360.00","finished":true,"claim_this_time":"360.00"}}
2024-07-20 02:04:26 - 200 - {"status":0,"message":"","data":{"available_balance":"194291.00","play_passes":0,"timestamp":1721415867,"daily":{"round_id":"a01d2e97-d316-4a49-9638-ba41922b17ea","user_id":523686,"start_at":1721060568,"last_check_ts":1721318401,"last_check_ymd":20240719,"next_check_ts":1721404800,"check_counter":4,"today_points":3000,"today_game":4,"diff":1}}}
2024-07-20 02:04:26 - 200 - {"code":400,"message":"claim throttle","data":"ok"}
2024-07-20 02:04:26 - 200 - {"status":0,"message":"","data":{"game_id":"53b22103-c7ff-413d-bc63-20f6fb806a07","round_id":"38e6d322-b420-4e97-8c25-1a0542272968","user_id":523686,"start_at":1721415867,"end_at":1721419467,"last_claim":1721415867,"points":0}}
2024-07-20 02:04:27 - 200 - {"status":0,"message":"","data":{"available_balance":194291,"play_passes":0,"timestamp":1721415867,"farming":{"game_id":"53b22103-c7ff-413d-bc63-20f6fb806a07","round_id":"38e6d322-b420-4e97-8c25-1a0542272968","user_id":523686,"start_at":1721415867,"end_at":1721419467,"last_claim":1721415867,"points":0},"daily":{"round_id":"a01d2e97-d316-4a49-9638-ba41922b17ea","user_id":523686,"start_at":1721060568,"last_check_ts":1721318401,"last_check_ymd":20240719,"next_check_ts":1721404800,"check_counter":4,"today_points":3000,"today_game":4,"diff":1}}}
2024-07-20 02:04:27 - 200 - {"code":400,"message":"claim throttle","data":"ok"}
2024-07-20 02:04:30 - 200 - {"status":0,"message":"","data":{"tel_id":"7014057251","id":2649951,"fn":"Arda Tee jay","ln":"","access_token":"eyJhbGciOiJIUzI1NiIsInR5cCI6IkpXVCJ9.eyJ0b2tlblVzZXIiOnsidGVsX2lkIjoiNzAxNDA1NzI1MSIsImlkIjoyNjQ5OTUxLCJmbiI6IkFyZGEgVGVlIGpheSIsImxuIjoiIn0sImlhdCI6MTcyMTQxNTg3MCwiZXhwIjoxNzI0MDA3ODcwfQ.p91CDW6tpdmFFEiusjDCTI01lrAK9nzoBJRxGbCt4iA","photo_url":"","is_kol":0}}
2024-07-20 02:04:30 - 200 - {"status":0,"message":"","data":{"available_balance":53546,"play_passes":0,"timestamp":1721415870,"farming":{"game_id":"53b22103-c7ff-413d-bc63-20f6fb806a07","round_id":"7e70e32b-148b-4894-a8ad-8aef3b5b8f5c","user_id":2649951,"start_at":1721411162,"end_at":1721414762,"last_claim":1721411162,"points":0},"daily":{"round_id":"88fe11af-2399-4a17-a895-49d825dd4dea","user_id":2649951,"start_at":1721061856,"last_check_ts":1721318563,"last_check_ymd":20240719,"next_check_ts":1721404800,"check_counter":4,"today_points":3000,"today_game":4,"diff":1}}}
2024-07-20 02:04:30 - 200 - {"status":400,"message":"already_check","data":{"round_id":"88fe11af-2399-4a17-a895-49d825dd4dea","user_id":2649951,"start_at":1721061856,"last_check_ts":1721318563,"last_check_ymd":20240719,"next_check_ts":1721404800,"check_counter":4,"today_points":3000,"today_game":4,"diff":1}}
2024-07-20 02:04:30 - 200 - {"status":0,"message":"","data":{"game_id":"53b22103-c7ff-413d-bc63-20f6fb806a07","round_id":"7e70e32b-148b-4894-a8ad-8aef3b5b8f5c","user_id":2649951,"start_at":1721411162,"end_at":1721414762,"last_claim":1721415871,"points":"360.00","finished":true,"claim_this_time":"360.00"}}
2024-07-20 02:04:30 - 200 - {"status":0,"message":"","data":{"available_balance":"53906.00","play_passes":0,"timestamp":1721415871,"daily":{"round_id":"88fe11af-2399-4a17-a895-49d825dd4dea","user_id":2649951,"start_at":1721061856,"last_check_ts":1721318563,"last_check_ymd":20240719,"next_check_ts":1721404800,"check_counter":4,"today_points":3000,"today_game":4,"diff":1}}}
2024-07-20 02:04:31 - 200 - {"code":400,"message":"claim throttle","data":"ok"}
2024-07-20 02:04:31 - 200 - {"status":0,"message":"","data":{"game_id":"53b22103-c7ff-413d-bc63-20f6fb806a07","round_id":"4aec1d63-7b1b-4282-a5e5-280c8682e3ce","user_id":2649951,"start_at":1721415871,"end_at":1721419471,"last_claim":1721415871,"points":0}}
2024-07-20 02:04:31 - 200 - {"status":0,"message":"","data":{"available_balance":53906,"play_passes":0,"timestamp":1721415871,"farming":{"game_id":"53b22103-c7ff-413d-bc63-20f6fb806a07","round_id":"4aec1d63-7b1b-4282-a5e5-280c8682e3ce","user_id":2649951,"start_at":1721415871,"end_at":1721419471,"last_claim":1721415871,"points":0},"daily":{"round_id":"88fe11af-2399-4a17-a895-49d825dd4dea","user_id":2649951,"start_at":1721061856,"last_check_ts":1721318563,"last_check_ymd":20240719,"next_check_ts":1721404800,"check_counter":4,"today_points":3000,"today_game":4,"diff":1}}}
2024-07-20 02:04:31 - 200 - {"code":400,"message":"claim throttle","data":"ok"}
2024-07-20 02:04:34 - 200 - {"status":0,"message":"","data":{"tel_id":"7358275406","id":2649998,"fn":"oxjembutnagatiren","ln":"","access_token":"eyJhbGciOiJIUzI1NiIsInR5cCI6IkpXVCJ9.eyJ0b2tlblVzZXIiOnsidGVsX2lkIjoiNzM1ODI3NTQwNiIsImlkIjoyNjQ5OTk4LCJmbiI6Im94amVtYnV0bmFnYXRpcmVuIiwibG4iOiIifSwiaWF0IjoxNzIxNDE1ODc0LCJleHAiOjE3MjQwMDc4NzR9.ITvKUcz0TTW3oS2LZW8bKYS5qyPBYRxipwl62bSrftY","photo_url":"","is_kol":0}}
2024-07-20 02:04:34 - 200 - {"status":0,"message":"","data":{"available_balance":54191,"play_passes":0,"timestamp":1721415875,"farming":{"game_id":"53b22103-c7ff-413d-bc63-20f6fb806a07","round_id":"ce84fea6-441d-441f-a98b-070d61ebd0c4","user_id":2649998,"start_at":1721411169,"end_at":1721414769,"last_claim":1721411169,"points":0},"daily":{"round_id":"cef775a2-adcd-42e6-8841-cc072ae88de3","user_id":2649998,"start_at":1721062044,"last_check_ts":1721318720,"last_check_ymd":20240719,"next_check_ts":1721404800,"check_counter":4,"today_points":3000,"today_game":4,"diff":1}}}
2024-07-20 02:04:34 - 200 - {"status":400,"message":"already_check","data":{"round_id":"cef775a2-adcd-42e6-8841-cc072ae88de3","user_id":2649998,"start_at":1721062044,"last_check_ts":1721318720,"last_check_ymd":20240719,"next_check_ts":1721404800,"check_counter":4,"today_points":3000,"today_game":4,"diff":1}}
2024-07-20 02:04:35 - 200 - {"status":0,"message":"","data":{"game_id":"53b22103-c7ff-413d-bc63-20f6fb806a07","round_id":"ce84fea6-441d-441f-a98b-070d61ebd0c4","user_id":2649998,"start_at":1721411169,"end_at":1721414769,"last_claim":1721415875,"points":"360.00","finished":true,"claim_this_time":"360.00"}}
2024-07-20 02:04:35 - 200 - {"status":0,"message":"","data":{"available_balance":"54551.00","play_passes":0,"timestamp":1721415875,"daily":{"round_id":"cef775a2-adcd-42e6-8841-cc072ae88de3","user_id":2649998,"start_at":1721062044,"last_check_ts":1721318720,"last_check_ymd":20240719,"next_check_ts":1721404800,"check_counter":4,"today_points":3000,"today_game":4,"diff":1}}}
2024-07-20 02:04:35 - 200 - {"code":400,"message":"claim throttle","data":"ok"}
2024-07-20 02:04:35 - 200 - {"status":0,"message":"","data":{"game_id":"53b22103-c7ff-413d-bc63-20f6fb806a07","round_id":"4cdfa830-7363-4e9f-b37d-888965f926f7","user_id":2649998,"start_at":1721415875,"end_at":1721419475,"last_claim":1721415875,"points":0}}
2024-07-20 02:04:35 - 200 - {"status":0,"message":"","data":{"available_balance":54551,"play_passes":0,"timestamp":1721415875,"farming":{"game_id":"53b22103-c7ff-413d-bc63-20f6fb806a07","round_id":"4cdfa830-7363-4e9f-b37d-888965f926f7","user_id":2649998,"start_at":1721415875,"end_at":1721419475,"last_claim":1721415875,"points":0},"daily":{"round_id":"cef775a2-adcd-42e6-8841-cc072ae88de3","user_id":2649998,"start_at":1721062044,"last_check_ts":1721318720,"last_check_ymd":20240719,"next_check_ts":1721404800,"check_counter":4,"today_points":3000,"today_game":4,"diff":1}}}
2024-07-20 02:04:35 - 200 - {"code":400,"message":"claim throttle","data":"ok"}
